<?xml version="1.0" encoding="UTF-8"?>
<!-- Generated by org.testng.reporters.JUnitXMLReporter -->
<testsuite ignored="12" hostname="JarvisLaptop" failures="1" tests="4" name="Test" time="0.068" errors="0" timestamp="2022-09-12T20:29:49 IST">
  <testcase classname="Insurance.HealthInsurance" name="HealthWebLogin" time="0.01"/>
  <testcase classname="Insurance.HomeInsurance" name="HomeWebLogin" time="0.002"/>
  <testcase classname="Insurance.LifeInsurance" name="LifeWebLogin" time="0.004">
    <failure type="java.lang.AssertionError" message="expected [true] but found [false]">
      <![CDATA[java.lang.AssertionError: expected [true] but found [false]
at Insurance.LifeInsurance.LifeWebLogin(LifeInsurance.java:11)
at java.base/java.util.ArrayList.forEach(ArrayList.java:1511)
at java.base/java.util.concurrent.FutureTask.run(FutureTask.java:264)
at java.base/java.util.concurrent.ThreadPoolExecutor.runWorker(ThreadPoolExecutor.java:1130)
at java.base/java.util.concurrent.ThreadPoolExecutor$Worker.run(ThreadPoolExecutor.java:630)
at java.base/java.lang.Thread.run(Thread.java:831)
... Removed 24 stack frames]]>
    </failure>
  </testcase> <!-- LifeWebLogin -->
  <testcase classname="Insurance.VehicleInsurance" name="VehicleWebLogin" time="0.001"/>
  <testcase classname="Insurance.HealthInsurance" name="HealthMobileLogOut" time="0.0">
    <ignored/>
  </testcase> <!-- HealthMobileLogOut -->
  <testcase classname="Insurance.LifeInsurance" name="LifeMobileLogOut" time="0.0">
    <ignored/>
  </testcase> <!-- LifeMobileLogOut -->
  <testcase classname="Insurance.HomeInsurance" name="HomeMobileLogOut" time="0.0">
    <ignored/>
  </testcase> <!-- HomeMobileLogOut -->
  <testcase classname="Insurance.HomeInsurance" name="HomeMobileLogIn" time="0.0">
    <ignored/>
  </testcase> <!-- HomeMobileLogIn -->
  <testcase classname="Insurance.LifeInsurance" name="LifeMobileLogIn" time="0.0">
    <ignored/>
  </testcase> <!-- LifeMobileLogIn -->
  <testcase classname="Insurance.HealthInsurance" name="HealthWebLogOut" time="0.0">
    <ignored/>
  </testcase> <!-- HealthWebLogOut -->
  <testcase classname="Insurance.HealthInsurance" name="HealthMobileLogIn" time="0.0">
    <ignored/>
  </testcase> <!-- HealthMobileLogIn -->
  <testcase classname="Insurance.VehicleInsurance" name="VehicleMobileLogOut" time="0.0">
    <ignored/>
  </testcase> <!-- VehicleMobileLogOut -->
  <testcase classname="Insurance.LifeInsurance" name="LifeWebLogOut" time="0.0">
    <ignored/>
  </testcase> <!-- LifeWebLogOut -->
  <testcase classname="Insurance.HomeInsurance" name="HomeWebLogOut" time="0.0">
    <ignored/>
  </testcase> <!-- HomeWebLogOut -->
  <testcase classname="Insurance.VehicleInsurance" name="VehicleWebLogOut" time="0.0">
    <ignored/>
  </testcase> <!-- VehicleWebLogOut -->
  <testcase classname="Insurance.VehicleInsurance" name="VehicleMobileLogIn" time="0.0">
    <ignored/>
  </testcase> <!-- VehicleMobileLogIn -->
</testsuite> <!-- Test -->
