<?xml version="1.0" encoding="UTF-8"?>
<!-- Generated by org.testng.reporters.JUnitXMLReporter -->
<testsuite ignored="0" hostname="JarvisLaptop" failures="1" tests="1" name="Test" time="5.031" errors="0" timestamp="2022-10-19T20:35:59 IST">
  <testcase classname="com.RegressionTestCases.VerifyUserLoginTest" name="ValidUserLoginTest" time="0.326">
    <failure type="java.lang.AssertionError" message="expected [true] but found [false]">
      <![CDATA[java.lang.AssertionError: expected [true] but found [false]
at com.RegressionTestCases.VerifyUserLoginTest.ValidUserLoginTest(VerifyUserLoginTest.java:43)
at java.base/java.util.ArrayList.forEach(ArrayList.java:1511)
... Removed 33 stack frames]]>
    </failure>
  </testcase> <!-- ValidUserLoginTest -->
</testsuite> <!-- Test -->
