<?xml version="1.0" encoding="UTF-8"?>
<!-- Generated by org.testng.reporters.JUnitXMLReporter -->
<testsuite hostname="JarvisLaptop" ignored="0" name="Surefire test" tests="13" failures="0" timestamp="2022-10-11T20:55:23 IST" time="0.062" errors="0">
  <testcase name="CatWebLogin" time="0.002" classname="Insurance.DogInsuranceTest"/>
  <testcase name="DogWebLogin" time="0.0" classname="Insurance.DogInsuranceTest"/>
  <testcase name="DogWebLogOut" time="0.0" classname="Insurance.DogInsuranceTest"/>
  <testcase name="DogMobileLogIn" time="0.0" classname="Insurance.DogInsuranceTest"/>
  <testcase name="DogMobileLogOut" time="0.0" classname="Insurance.DogInsuranceTest"/>
  <testcase name="LifeWebLogin" time="0.0" classname="Insurance.LifeInsuranceTest"/>
  <testcase name="LifeWebLogOut" time="0.0" classname="Insurance.LifeInsuranceTest"/>
  <testcase name="LifeMobileLogIn" time="0.0" classname="Insurance.LifeInsuranceTest"/>
  <testcase name="LifeMobileLogOut" time="0.0" classname="Insurance.LifeInsuranceTest"/>
  <testcase name="VehicleWebLogin" time="0.001" classname="Insurance.VehicleInsuranceTest"/>
  <testcase name="VehicleWebLogOut" time="0.001" classname="Insurance.VehicleInsuranceTest"/>
  <testcase name="VehicleMobileLogIn" time="0.001" classname="Insurance.VehicleInsuranceTest"/>
  <testcase name="VehicleMobileLogOut" time="0.0" classname="Insurance.VehicleInsuranceTest"/>
</testsuite> <!-- Surefire test -->
