<?xml version="1.0" encoding="UTF-8"?>
<testng-results ignored="0" total="4" passed="4" failed="0" skipped="0">
  <reporter-output>
  </reporter-output>
  <suite started-at="2022-10-11T21:01:32 IST" name="Smoke" finished-at="2022-10-11T21:01:32 IST" duration-ms="43">
    <groups>
      <group name="Regression">
        <method signature="VehicleInsuranceTest.VehicleWebLogin()[pri:1, instance:Insurance.VehicleInsuranceTest@2e4b8173]" name="VehicleWebLogin" class="Insurance.VehicleInsuranceTest"/>
      </group> <!-- Regression -->
    </groups>
    <test started-at="2022-10-11T21:01:32 IST" name="Test" finished-at="2022-10-11T21:01:32 IST" duration-ms="43">
      <class name="Insurance.VehicleInsuranceTest">
        <test-method signature="VehicleWebLogin()[pri:1, instance:Insurance.VehicleInsuranceTest@2e4b8173]" started-at="2022-10-11T21:01:32 IST" name="VehicleWebLogin" finished-at="2022-10-11T21:01:32 IST" duration-ms="4" status="PASS">
          <reporter-output>
          </reporter-output>
        </test-method> <!-- VehicleWebLogin -->
        <test-method signature="VehicleWebLogOut()[pri:2, instance:Insurance.VehicleInsuranceTest@2e4b8173]" started-at="2022-10-11T21:01:32 IST" name="VehicleWebLogOut" finished-at="2022-10-11T21:01:32 IST" duration-ms="0" status="PASS">
          <reporter-output>
          </reporter-output>
        </test-method> <!-- VehicleWebLogOut -->
        <test-method signature="VehicleMobileLogIn()[pri:3, instance:Insurance.VehicleInsuranceTest@2e4b8173]" started-at="2022-10-11T21:01:32 IST" name="VehicleMobileLogIn" finished-at="2022-10-11T21:01:32 IST" duration-ms="0" status="PASS">
          <reporter-output>
          </reporter-output>
        </test-method> <!-- VehicleMobileLogIn -->
        <test-method signature="VehicleMobileLogOut()[pri:4, instance:Insurance.VehicleInsuranceTest@2e4b8173]" started-at="2022-10-11T21:01:32 IST" name="VehicleMobileLogOut" finished-at="2022-10-11T21:01:32 IST" duration-ms="1" status="PASS">
          <reporter-output>
          </reporter-output>
        </test-method> <!-- VehicleMobileLogOut -->
      </class> <!-- Insurance.VehicleInsuranceTest -->
    </test> <!-- Test -->
  </suite> <!-- Smoke -->
</testng-results>
