<?xml version="1.0" encoding="UTF-8"?>
<!-- Generated by org.testng.reporters.JUnitXMLReporter -->
<testsuite ignored="2" hostname="JarvisLaptop" failures="0" tests="19" name="Test" time="0.097" errors="0" timestamp="2022-09-05T19:05:09 IST">
  <testcase classname="Insurance.DogInsurance" name="CatWebLogin" time="0.006"/>
  <testcase classname="Insurance.DogInsurance" name="DogWebLogin" time="0.002"/>
  <testcase classname="Insurance.DogInsurance" name="DogWebLogOut" time="0.002"/>
  <testcase classname="Insurance.DogInsurance" name="DogMobileLogIn" time="0.001"/>
  <testcase classname="Insurance.DogInsurance" name="DogMobileLogOut" time="0.001"/>
  <testcase classname="Insurance.LifeInsurance" name="LifeMobileLogIn" time="0.001"/>
  <testcase classname="Insurance.LifeInsurance" name="LifeMobileLogOut" time="0.001"/>
  <testcase classname="Insurance.VehicleInsurance" name="VehicleWebLogin" time="0.002"/>
  <testcase classname="Insurance.VehicleInsurance" name="VehicleWebLogOut" time="0.0"/>
  <testcase classname="Insurance.VehicleInsurance" name="VehicleMobileLogIn" time="0.001"/>
  <testcase classname="Insurance.VehicleInsurance" name="VehicleMobileLogOut" time="0.002"/>
  <testcase classname="Insurance.HealthInsurance" name="HealthWebLogin" time="0.001"/>
  <testcase classname="Insurance.HealthInsurance" name="HealthWebLogOut" time="0.001"/>
  <testcase classname="Insurance.HealthInsurance" name="HealthMobileLogIn" time="0.001"/>
  <testcase classname="Insurance.HealthInsurance" name="HealthMobileLogOut" time="0.001"/>
  <testcase classname="Insurance.HomeInsurance" name="HomeWebLogin" time="0.002"/>
  <testcase classname="Insurance.HomeInsurance" name="HomeWebLogOut" time="0.001"/>
  <testcase classname="Insurance.HomeInsurance" name="HomeMobileLogIn" time="0.001"/>
  <testcase classname="Insurance.HomeInsurance" name="HomeMobileLogOut" time="0.001"/>
  <testcase classname="Insurance.LifeInsurance" name="LifeWebLogOut" time="0.0">
    <ignored/>
  </testcase> <!-- LifeWebLogOut -->
  <testcase classname="Insurance.LifeInsurance" name="LifeWebLogin" time="0.0">
    <ignored/>
  </testcase> <!-- LifeWebLogin -->
</testsuite> <!-- Test -->
