<?xml version="1.0" encoding="UTF-8"?>
<testng-results ignored="0" total="1" passed="1" failed="0" skipped="0">
  <reporter-output>
  </reporter-output>
  <suite started-at="2022-09-15T20:44:50 IST" name="Default suite" finished-at="2022-09-15T20:45:00 IST" duration-ms="9629">
    <groups>
    </groups>
    <test started-at="2022-09-15T20:44:50 IST" name="Default test" finished-at="2022-09-15T20:45:00 IST" duration-ms="9629">
      <class name="ScrollingInSelenium">
        <test-method signature="Scrolling()[pri:0, instance:ScrollingInSelenium@7e07db1f]" started-at="2022-09-15T20:44:50 IST" name="Scrolling" finished-at="2022-09-15T20:45:00 IST" duration-ms="9584" status="PASS">
          <reporter-output>
          </reporter-output>
        </test-method> <!-- Scrolling -->
      </class> <!-- ScrollingInSelenium -->
    </test> <!-- Default test -->
  </suite> <!-- Default suite -->
</testng-results>
