<?xml version="1.0" encoding="UTF-8"?>
<!-- Generated by org.testng.reporters.JUnitXMLReporter -->
<testsuite ignored="0" hostname="JarvisLaptop" failures="0" tests="4" name="Test" time="0.043" errors="0" timestamp="2022-10-11T21:01:32 IST">
  <testcase classname="Insurance.VehicleInsuranceTest" name="VehicleWebLogin" time="0.004"/>
  <testcase classname="Insurance.VehicleInsuranceTest" name="VehicleWebLogOut" time="0.0"/>
  <testcase classname="Insurance.VehicleInsuranceTest" name="VehicleMobileLogIn" time="0.0"/>
  <testcase classname="Insurance.VehicleInsuranceTest" name="VehicleMobileLogOut" time="0.001"/>
</testsuite> <!-- Test -->
